<?xml version="1.0" encoding="UTF-8"?>
<robot generator="Robot 7.4.2 (Python 3.11.5 on win32)" generated="2026-03-28T13:18:35.321718" rpa="false" schemaversion="5">
<suite id="s1" name="Screenshots" source="C:\Users\abhis\OneDrive\Desktop\ROBOT JECRC\28-03-2026\screenshots.robot">
<test id="s1-t1" name="Screenshots" line="7">
<kw name="Set Screenshot Directory" owner="SeleniumLibrary">
<arg>C:\\Users\\abhis\\OneDrive\\Desktop\\ROBOT JECRC\\28-03-2026/Screenshots</arg>
<doc>Sets the directory for captured screenshots.</doc>
<status status="PASS" start="2026-03-28T13:18:35.608203" elapsed="0.000000"/>
</kw>
<kw name="Open Browser" owner="SeleniumLibrary">
<msg time="2026-03-28T13:18:35.609301" level="INFO">Opening browser 'chrome' to base url 'https://in.bookmyshow.com/explore/home/jaipur'.</msg>
<arg>${url}</arg>
<arg>chrome</arg>
<doc>Opens a new browser instance to the optional ``url``.</doc>
<status status="PASS" start="2026-03-28T13:18:35.609301" elapsed="5.236526"/>
</kw>
<kw name="Maximize Browser Window" owner="SeleniumLibrary">
<doc>Maximizes current browser window.</doc>
<status status="PASS" start="2026-03-28T13:18:40.846882" elapsed="0.069060"/>
</kw>
<kw name="Sleep" owner="BuiltIn">
<msg time="2026-03-28T13:18:45.919205" level="INFO">Slept 5 seconds.</msg>
<arg>5s</arg>
<doc>Pauses the test executed for the given time.</doc>
<status status="PASS" start="2026-03-28T13:18:40.916941" elapsed="5.002264"/>
</kw>
<kw name="Capture Page Screenshot" owner="SeleniumLibrary">
<msg time="2026-03-28T13:18:46.041649" level="INFO" html="true">&lt;/td&gt;&lt;/tr&gt;&lt;tr&gt;&lt;td colspan="3"&gt;&lt;a href="../Screenshots/fullpage.png"&gt;&lt;img src="../Screenshots/fullpage.png" width="800px"&gt;&lt;/a&gt;</msg>
<arg>fullpage.png</arg>
<doc>Takes a screenshot of the current page and embeds it into a log file.</doc>
<status status="PASS" start="2026-03-28T13:18:45.919819" elapsed="0.121830"/>
</kw>
<kw name="Sleep" owner="BuiltIn">
<msg time="2026-03-28T13:18:49.043136" level="INFO">Slept 3 seconds.</msg>
<arg>3s</arg>
<doc>Pauses the test executed for the given time.</doc>
<status status="PASS" start="2026-03-28T13:18:46.042802" elapsed="3.000334"/>
</kw>
<kw name="Capture Element Screenshot" owner="SeleniumLibrary">
<msg time="2026-03-28T13:18:49.177049" level="INFO" html="true">&lt;/td&gt;&lt;/tr&gt;&lt;tr&gt;&lt;td colspan="3"&gt;&lt;a href="../Screenshots/file2.jpg"&gt;&lt;img src="../Screenshots/file2.jpg" width="400px"&gt;&lt;/a&gt;</msg>
<msg time="2026-03-28T13:18:49.177049" level="INFO">C:\Users\abhis\AppData\Local\Programs\Python\Python311\Lib\site-packages\selenium\webdriver\remote\webelement.py:451: UserWarning: name used for saved screenshot does not match file type. It should end with a `.png` extension
  warnings.warn(</msg>
<arg>xpath=//img[@alt="Dhurandhar The Revenge"]</arg>
<arg>file2.jpg</arg>
<doc>Captures a screenshot from the element identified by ``locator`` and embeds it into log file.</doc>
<status status="PASS" start="2026-03-28T13:18:49.043670" elapsed="0.133379"/>
</kw>
<kw name="Sleep" owner="BuiltIn">
<msg time="2026-03-28T13:18:52.179243" level="INFO">Slept 3 seconds.</msg>
<arg>3s</arg>
<doc>Pauses the test executed for the given time.</doc>
<status status="PASS" start="2026-03-28T13:18:49.179027" elapsed="3.000734"/>
</kw>
<kw name="Close Browser" owner="SeleniumLibrary">
<doc>Closes the current browser.</doc>
<status status="PASS" start="2026-03-28T13:18:52.180790" elapsed="2.263627"/>
</kw>
<status status="PASS" start="2026-03-28T13:18:35.607194" elapsed="18.838158"/>
</test>
<status status="PASS" start="2026-03-28T13:18:35.323719" elapsed="19.123600"/>
</suite>
<statistics>
<total>
<stat pass="1" fail="0" skip="0">All Tests</stat>
</total>
<tag>
</tag>
<suite>
<stat name="Screenshots" id="s1" pass="1" fail="0" skip="0">Screenshots</stat>
</suite>
</statistics>
<errors>
</errors>
</robot>
